<?xml version="1.0" encoding="utf-8"?><testsuites name="pytest tests"><testsuite name="pytest" errors="0" failures="0" skipped="0" tests="6" time="1.008" timestamp="2026-05-20T18:21:35.456185+00:00" hostname="agent-env-0023b394-d127-465a-b7e6-20b824ef5699"><testcase classname="backend.tests.test_amorevia_api" name="test_root_returns_greeting" time="0.358" /><testcase classname="backend.tests.test_amorevia_api" name="test_contact_missing_fields" time="0.097" /><testcase classname="backend.tests.test_amorevia_api" name="test_contact_invalid_email" time="0.080" /><testcase classname="backend.tests.test_amorevia_api" name="test_contact_missing_message" time="0.092" /><testcase classname="backend.tests.test_amorevia_api" name="test_contact_create_and_persist" time="0.169" /><testcase classname="backend.tests.test_amorevia_api" name="test_contact_optional_company" time="0.079" /></testsuite></testsuites>